# Logfile created on 2014-11-10 10:34:34 +0800 by logger.rb/41954
I, [2014-11-10T10:34:34.366424 #33859]  INFO -- : 0:  mono_logger (1.1.0) from /Users/mwang/.rvm/gems/ruby-2.0.0-p353/specifications/mono_logger-1.1.0.gemspec
I, [2014-11-10T10:34:35.904160 #33859]  INFO -- : 0:  multi_json (1.10.1) from /Users/mwang/.rvm/gems/ruby-2.0.0-p353/specifications/multi_json-1.10.1.gemspec
I, [2014-11-10T10:34:35.904522 #33859]  INFO -- : 0:  rack (1.5.2) from /Users/mwang/.rvm/gems/ruby-2.0.0-p353/specifications/rack-1.5.2.gemspec
I, [2014-11-10T10:34:37.270207 #33859]  INFO -- : 0:  rack-protection (1.5.3) from /Users/mwang/.rvm/gems/ruby-2.0.0-p353/specifications/rack-protection-1.5.3.gemspec
I, [2014-11-10T10:34:39.243914 #33859]  INFO -- : 0:  redis (3.1.0) from /Users/mwang/.rvm/gems/ruby-2.0.0-p353/specifications/redis-3.1.0.gemspec
I, [2014-11-10T10:34:40.619781 #33859]  INFO -- : 0:  redis-namespace (1.5.1) from /Users/mwang/.rvm/gems/ruby-2.0.0-p353/specifications/redis-namespace-1.5.1.gemspec
I, [2014-11-10T10:34:40.620066 #33859]  INFO -- : 0:  tilt (1.4.1) from /Users/mwang/.rvm/gems/ruby-2.0.0-p353/specifications/tilt-1.4.1.gemspec
I, [2014-11-10T10:34:43.796818 #33859]  INFO -- : 0:  sinatra (1.4.5) from /Users/mwang/.rvm/gems/ruby-2.0.0-p353/specifications/sinatra-1.4.5.gemspec
I, [2014-11-10T10:34:43.797113 #33859]  INFO -- : 0:  vegas (0.1.11) from /Users/mwang/.rvm/gems/ruby-2.0.0-p353/specifications/vegas-0.1.11.gemspec
I, [2014-11-10T10:34:43.797289 #33859]  INFO -- : 0:  resque (1.25.2) from /Users/mwang/.rvm/gems/ruby-2.0.0-p353/specifications/resque-1.25.2.gemspec
I, [2014-11-10T10:34:46.054084 #33859]  INFO -- : 0:  thread_safe (0.3.4) from /Users/mwang/.rvm/gems/ruby-2.0.0-p353/specifications/thread_safe-0.3.4.gemspec
I, [2014-11-10T10:34:48.472860 #33859]  INFO -- : 0:  tzinfo (1.2.2) from /Users/mwang/.rvm/gems/ruby-2.0.0-p353/specifications/tzinfo-1.2.2.gemspec
I, [2014-11-10T10:34:50.166639 #33859]  INFO -- : 0:  rufus-scheduler (2.0.24) from /Users/mwang/.rvm/gems/ruby-2.0.0-p353/specifications/rufus-scheduler-2.0.24.gemspec
I, [2014-11-10T10:34:52.045209 #33859]  INFO -- : 0:  resque-scheduler (3.0.0) from /Users/mwang/.rvm/gems/ruby-2.0.0-p353/specifications/resque-scheduler-3.0.0.gemspec
I, [2014-11-10T10:34:52.045474 #33859]  INFO -- : 0:  bundler (1.5.1) from /Users/mwang/.rvm/gems/ruby-2.0.0-p353@global/specifications/bundler-1.5.1.gemspec
I, [2014-11-10T15:23:23.126684 #42070]  INFO -- : 0:  rake (10.3.2) from /Users/mwang/.rvm/gems/ruby-2.0.0-p353/specifications/rake-10.3.2.gemspec
I, [2014-11-10T15:23:23.127247 #42070]  INFO -- : 0:  mono_logger (1.1.0) from /Users/mwang/.rvm/gems/ruby-2.0.0-p353/specifications/mono_logger-1.1.0.gemspec
I, [2014-11-10T15:23:23.127554 #42070]  INFO -- : 0:  multi_json (1.10.1) from /Users/mwang/.rvm/gems/ruby-2.0.0-p353/specifications/multi_json-1.10.1.gemspec
I, [2014-11-10T15:23:23.127825 #42070]  INFO -- : 0:  rack (1.5.2) from /Users/mwang/.rvm/gems/ruby-2.0.0-p353/specifications/rack-1.5.2.gemspec
I, [2014-11-10T15:23:23.128092 #42070]  INFO -- : 0:  rack-protection (1.5.3) from /Users/mwang/.rvm/gems/ruby-2.0.0-p353/specifications/rack-protection-1.5.3.gemspec
I, [2014-11-10T15:23:23.128365 #42070]  INFO -- : 0:  redis (3.1.0) from /Users/mwang/.rvm/gems/ruby-2.0.0-p353/specifications/redis-3.1.0.gemspec
I, [2014-11-10T15:23:23.128636 #42070]  INFO -- : 0:  redis-namespace (1.5.1) from /Users/mwang/.rvm/gems/ruby-2.0.0-p353/specifications/redis-namespace-1.5.1.gemspec
I, [2014-11-10T15:23:23.128848 #42070]  INFO -- : 0:  tilt (1.4.1) from /Users/mwang/.rvm/gems/ruby-2.0.0-p353/specifications/tilt-1.4.1.gemspec
I, [2014-11-10T15:23:23.129367 #42070]  INFO -- : 0:  sinatra (1.4.5) from /Users/mwang/.rvm/gems/ruby-2.0.0-p353/specifications/sinatra-1.4.5.gemspec
I, [2014-11-10T15:23:23.129693 #42070]  INFO -- : 0:  vegas (0.1.11) from /Users/mwang/.rvm/gems/ruby-2.0.0-p353/specifications/vegas-0.1.11.gemspec
I, [2014-11-10T15:23:23.129957 #42070]  INFO -- : 0:  resque (1.25.2) from /Users/mwang/.rvm/gems/ruby-2.0.0-p353/specifications/resque-1.25.2.gemspec
I, [2014-11-10T15:23:23.130302 #42070]  INFO -- : 0:  thread_safe (0.3.4) from /Users/mwang/.rvm/gems/ruby-2.0.0-p353/specifications/thread_safe-0.3.4.gemspec
I, [2014-11-10T15:23:23.130552 #42070]  INFO -- : 0:  tzinfo (1.2.2) from /Users/mwang/.rvm/gems/ruby-2.0.0-p353/specifications/tzinfo-1.2.2.gemspec
I, [2014-11-10T15:23:23.130884 #42070]  INFO -- : 0:  rufus-scheduler (2.0.24) from /Users/mwang/.rvm/gems/ruby-2.0.0-p353/specifications/rufus-scheduler-2.0.24.gemspec
I, [2014-11-10T15:23:23.131223 #42070]  INFO -- : 0:  resque-scheduler (3.0.0) from /Users/mwang/.rvm/gems/ruby-2.0.0-p353/specifications/resque-scheduler-3.0.0.gemspec
I, [2014-11-10T15:23:24.611679 #42070]  INFO -- : 0:  resque-retry (1.3.2) from /Users/mwang/.rvm/gems/ruby-2.0.0-p353/specifications/resque-retry-1.3.2.gemspec
I, [2014-11-10T15:23:24.611986 #42070]  INFO -- : 0:  bundler (1.5.1) from /Users/mwang/.rvm/gems/ruby-2.0.0-p353@global/specifications/bundler-1.5.1.gemspec
I, [2014-11-10T15:57:04.888558 #42312]  INFO -- : 0:  rake (10.3.2) from /Users/mwang/.rvm/gems/ruby-2.0.0-p353/specifications/rake-10.3.2.gemspec
I, [2014-11-10T15:57:04.889237 #42312]  INFO -- : 0:  mono_logger (1.1.0) from /Users/mwang/.rvm/gems/ruby-2.0.0-p353/specifications/mono_logger-1.1.0.gemspec
I, [2014-11-10T15:57:04.889548 #42312]  INFO -- : 0:  multi_json (1.10.1) from /Users/mwang/.rvm/gems/ruby-2.0.0-p353/specifications/multi_json-1.10.1.gemspec
I, [2014-11-10T15:57:04.889770 #42312]  INFO -- : 0:  rack (1.5.2) from /Users/mwang/.rvm/gems/ruby-2.0.0-p353/specifications/rack-1.5.2.gemspec
I, [2014-11-10T15:57:04.889962 #42312]  INFO -- : 0:  rack-protection (1.5.3) from /Users/mwang/.rvm/gems/ruby-2.0.0-p353/specifications/rack-protection-1.5.3.gemspec
I, [2014-11-10T15:57:04.890157 #42312]  INFO -- : 0:  redis (3.1.0) from /Users/mwang/.rvm/gems/ruby-2.0.0-p353/specifications/redis-3.1.0.gemspec
I, [2014-11-10T15:57:04.890344 #42312]  INFO -- : 0:  redis-namespace (1.5.1) from /Users/mwang/.rvm/gems/ruby-2.0.0-p353/specifications/redis-namespace-1.5.1.gemspec
I, [2014-11-10T15:57:04.890501 #42312]  INFO -- : 0:  tilt (1.4.1) from /Users/mwang/.rvm/gems/ruby-2.0.0-p353/specifications/tilt-1.4.1.gemspec
I, [2014-11-10T15:57:04.890666 #42312]  INFO -- : 0:  sinatra (1.4.5) from /Users/mwang/.rvm/gems/ruby-2.0.0-p353/specifications/sinatra-1.4.5.gemspec
I, [2014-11-10T15:57:04.890844 #42312]  INFO -- : 0:  vegas (0.1.11) from /Users/mwang/.rvm/gems/ruby-2.0.0-p353/specifications/vegas-0.1.11.gemspec
I, [2014-11-10T15:57:04.891015 #42312]  INFO -- : 0:  resque (1.25.2) from /Users/mwang/.rvm/gems/ruby-2.0.0-p353/specifications/resque-1.25.2.gemspec
I, [2014-11-10T15:57:04.891168 #42312]  INFO -- : 0:  thread_safe (0.3.4) from /Users/mwang/.rvm/gems/ruby-2.0.0-p353/specifications/thread_safe-0.3.4.gemspec
I, [2014-11-10T15:57:04.891326 #42312]  INFO -- : 0:  tzinfo (1.2.2) from /Users/mwang/.rvm/gems/ruby-2.0.0-p353/specifications/tzinfo-1.2.2.gemspec
I, [2014-11-10T15:57:04.891488 #42312]  INFO -- : 0:  rufus-scheduler (2.0.24) from /Users/mwang/.rvm/gems/ruby-2.0.0-p353/specifications/rufus-scheduler-2.0.24.gemspec
I, [2014-11-10T15:57:04.891654 #42312]  INFO -- : 0:  resque-scheduler (3.0.0) from /Users/mwang/.rvm/gems/ruby-2.0.0-p353/specifications/resque-scheduler-3.0.0.gemspec
I, [2014-11-10T15:57:04.891830 #42312]  INFO -- : 0:  resque-retry (1.3.2) from /Users/mwang/.rvm/gems/ruby-2.0.0-p353/specifications/resque-retry-1.3.2.gemspec
I, [2014-11-10T15:57:04.891985 #42312]  INFO -- : 0:  bundler (1.5.1) from /Users/mwang/.rvm/gems/ruby-2.0.0-p353@global/specifications/bundler-1.5.1.gemspec
I, [2014-11-10T16:16:48.305045 #42405]  INFO -- : 0:  rake (10.3.2) from /Users/mwang/.rvm/gems/ruby-2.0.0-p353/specifications/rake-10.3.2.gemspec
I, [2014-11-10T16:16:48.305611 #42405]  INFO -- : 0:  mono_logger (1.1.0) from /Users/mwang/.rvm/gems/ruby-2.0.0-p353/specifications/mono_logger-1.1.0.gemspec
I, [2014-11-10T16:16:48.305823 #42405]  INFO -- : 0:  multi_json (1.10.1) from /Users/mwang/.rvm/gems/ruby-2.0.0-p353/specifications/multi_json-1.10.1.gemspec
I, [2014-11-10T16:16:48.306006 #42405]  INFO -- : 0:  rack (1.5.2) from /Users/mwang/.rvm/gems/ruby-2.0.0-p353/specifications/rack-1.5.2.gemspec
I, [2014-11-10T16:16:48.306199 #42405]  INFO -- : 0:  rack-protection (1.5.3) from /Users/mwang/.rvm/gems/ruby-2.0.0-p353/specifications/rack-protection-1.5.3.gemspec
I, [2014-11-10T16:16:48.306373 #42405]  INFO -- : 0:  redis (3.1.0) from /Users/mwang/.rvm/gems/ruby-2.0.0-p353/specifications/redis-3.1.0.gemspec
I, [2014-11-10T16:16:48.306566 #42405]  INFO -- : 0:  redis-namespace (1.5.1) from /Users/mwang/.rvm/gems/ruby-2.0.0-p353/specifications/redis-namespace-1.5.1.gemspec
I, [2014-11-10T16:16:48.306751 #42405]  INFO -- : 0:  tilt (1.4.1) from /Users/mwang/.rvm/gems/ruby-2.0.0-p353/specifications/tilt-1.4.1.gemspec
I, [2014-11-10T16:16:48.306930 #42405]  INFO -- : 0:  sinatra (1.4.5) from /Users/mwang/.rvm/gems/ruby-2.0.0-p353/specifications/sinatra-1.4.5.gemspec
I, [2014-11-10T16:16:48.307104 #42405]  INFO -- : 0:  vegas (0.1.11) from /Users/mwang/.rvm/gems/ruby-2.0.0-p353/specifications/vegas-0.1.11.gemspec
I, [2014-11-10T16:16:48.307279 #42405]  INFO -- : 0:  resque (1.25.2) from /Users/mwang/.rvm/gems/ruby-2.0.0-p353/specifications/resque-1.25.2.gemspec
I, [2014-11-10T16:16:48.307460 #42405]  INFO -- : 0:  thread_safe (0.3.4) from /Users/mwang/.rvm/gems/ruby-2.0.0-p353/specifications/thread_safe-0.3.4.gemspec
I, [2014-11-10T16:16:48.307656 #42405]  INFO -- : 0:  tzinfo (1.2.2) from /Users/mwang/.rvm/gems/ruby-2.0.0-p353/specifications/tzinfo-1.2.2.gemspec
I, [2014-11-10T16:16:48.307833 #42405]  INFO -- : 0:  rufus-scheduler (2.0.24) from /Users/mwang/.rvm/gems/ruby-2.0.0-p353/specifications/rufus-scheduler-2.0.24.gemspec
I, [2014-11-10T16:16:48.307995 #42405]  INFO -- : 0:  resque-scheduler (3.0.0) from /Users/mwang/.rvm/gems/ruby-2.0.0-p353/specifications/resque-scheduler-3.0.0.gemspec
I, [2014-11-10T16:16:48.308148 #42405]  INFO -- : 0:  resque-retry (1.3.2) from /Users/mwang/.rvm/gems/ruby-2.0.0-p353/specifications/resque-retry-1.3.2.gemspec
I, [2014-11-10T16:16:48.308298 #42405]  INFO -- : 0:  bundler (1.5.1) from /Users/mwang/.rvm/gems/ruby-2.0.0-p353@global/specifications/bundler-1.5.1.gemspec
