# Logfile created on 2014-11-10 10:36:02 +0800 by logger.rb/41954
I, [2014-11-10T10:36:02.597665 #33944]  INFO -- : 0:  timers (1.1.0) from /Users/mwang/.rvm/gems/ruby-2.0.0-p353/specifications/timers-1.1.0.gemspec
I, [2014-11-10T10:36:04.369103 #33944]  INFO -- : 0:  celluloid (0.15.2) from /Users/mwang/.rvm/gems/ruby-2.0.0-p353/specifications/celluloid-0.15.2.gemspec
I, [2014-11-10T10:36:05.482464 #33944]  INFO -- : 0:  connection_pool (2.0.0) from /Users/mwang/.rvm/gems/ruby-2.0.0-p353/specifications/connection_pool-2.0.0.gemspec
I, [2014-11-10T10:36:05.482756 #33944]  INFO -- : 0:  json (1.8.1) from /Users/mwang/.rvm/gems/ruby-2.0.0-p353/specifications/json-1.8.1.gemspec
I, [2014-11-10T10:36:05.482975 #33944]  INFO -- : 0:  rack (1.5.2) from /Users/mwang/.rvm/gems/ruby-2.0.0-p353/specifications/rack-1.5.2.gemspec
I, [2014-11-10T10:36:05.483194 #33944]  INFO -- : 0:  rack-protection (1.5.3) from /Users/mwang/.rvm/gems/ruby-2.0.0-p353/specifications/rack-protection-1.5.3.gemspec
I, [2014-11-10T10:36:05.483412 #33944]  INFO -- : 0:  redis (3.1.0) from /Users/mwang/.rvm/gems/ruby-2.0.0-p353/specifications/redis-3.1.0.gemspec
I, [2014-11-10T10:36:05.483622 #33944]  INFO -- : 0:  redis-namespace (1.5.1) from /Users/mwang/.rvm/gems/ruby-2.0.0-p353/specifications/redis-namespace-1.5.1.gemspec
I, [2014-11-10T10:36:08.133711 #33944]  INFO -- : 0:  sidekiq (3.2.6) from /Users/mwang/.rvm/gems/ruby-2.0.0-p353/specifications/sidekiq-3.2.6.gemspec
I, [2014-11-10T10:36:08.133989 #33944]  INFO -- : 0:  tilt (1.4.1) from /Users/mwang/.rvm/gems/ruby-2.0.0-p353/specifications/tilt-1.4.1.gemspec
I, [2014-11-10T10:36:08.134169 #33944]  INFO -- : 0:  sinatra (1.4.5) from /Users/mwang/.rvm/gems/ruby-2.0.0-p353/specifications/sinatra-1.4.5.gemspec
I, [2014-11-10T10:36:08.134331 #33944]  INFO -- : 0:  bundler (1.5.1) from /Users/mwang/.rvm/gems/ruby-2.0.0-p353@global/specifications/bundler-1.5.1.gemspec
I, [2014-11-10T11:31:44.762587 #35204]  INFO -- : 0:  timers (1.1.0) from /Users/mwang/.rvm/gems/ruby-2.0.0-p353/specifications/timers-1.1.0.gemspec
I, [2014-11-10T11:31:44.763213 #35204]  INFO -- : 0:  celluloid (0.15.2) from /Users/mwang/.rvm/gems/ruby-2.0.0-p353/specifications/celluloid-0.15.2.gemspec
I, [2014-11-10T11:31:44.763408 #35204]  INFO -- : 0:  connection_pool (2.0.0) from /Users/mwang/.rvm/gems/ruby-2.0.0-p353/specifications/connection_pool-2.0.0.gemspec
I, [2014-11-10T11:31:44.763581 #35204]  INFO -- : 0:  json (1.8.1) from /Users/mwang/.rvm/gems/ruby-2.0.0-p353/specifications/json-1.8.1.gemspec
I, [2014-11-10T11:31:44.763747 #35204]  INFO -- : 0:  rack (1.5.2) from /Users/mwang/.rvm/gems/ruby-2.0.0-p353/specifications/rack-1.5.2.gemspec
I, [2014-11-10T11:31:44.763911 #35204]  INFO -- : 0:  rack-protection (1.5.3) from /Users/mwang/.rvm/gems/ruby-2.0.0-p353/specifications/rack-protection-1.5.3.gemspec
I, [2014-11-10T11:31:44.764074 #35204]  INFO -- : 0:  redis (3.1.0) from /Users/mwang/.rvm/gems/ruby-2.0.0-p353/specifications/redis-3.1.0.gemspec
I, [2014-11-10T11:31:44.764237 #35204]  INFO -- : 0:  redis-namespace (1.5.1) from /Users/mwang/.rvm/gems/ruby-2.0.0-p353/specifications/redis-namespace-1.5.1.gemspec
I, [2014-11-10T11:31:44.764427 #35204]  INFO -- : 0:  sidekiq (3.2.6) from /Users/mwang/.rvm/gems/ruby-2.0.0-p353/specifications/sidekiq-3.2.6.gemspec
I, [2014-11-10T11:31:44.764587 #35204]  INFO -- : 0:  tilt (1.4.1) from /Users/mwang/.rvm/gems/ruby-2.0.0-p353/specifications/tilt-1.4.1.gemspec
I, [2014-11-10T11:31:44.764748 #35204]  INFO -- : 0:  sinatra (1.4.5) from /Users/mwang/.rvm/gems/ruby-2.0.0-p353/specifications/sinatra-1.4.5.gemspec
I, [2014-11-10T11:31:44.764910 #35204]  INFO -- : 0:  bundler (1.5.1) from /Users/mwang/.rvm/gems/ruby-2.0.0-p353@global/specifications/bundler-1.5.1.gemspec
I, [2014-11-10T11:49:17.599009 #35259]  INFO -- : 0:  timers (1.1.0) from /Users/mwang/.rvm/gems/ruby-2.0.0-p353/specifications/timers-1.1.0.gemspec
I, [2014-11-10T11:49:17.599635 #35259]  INFO -- : 0:  celluloid (0.15.2) from /Users/mwang/.rvm/gems/ruby-2.0.0-p353/specifications/celluloid-0.15.2.gemspec
I, [2014-11-10T11:49:19.602478 #35259]  INFO -- : 0:  chronic (0.10.2) from /Users/mwang/.rvm/gems/ruby-2.0.0-p353/specifications/chronic-0.10.2.gemspec
I, [2014-11-10T11:49:19.602824 #35259]  INFO -- : 0:  connection_pool (2.0.0) from /Users/mwang/.rvm/gems/ruby-2.0.0-p353/specifications/connection_pool-2.0.0.gemspec
I, [2014-11-10T11:49:19.603053 #35259]  INFO -- : 0:  json (1.8.1) from /Users/mwang/.rvm/gems/ruby-2.0.0-p353/specifications/json-1.8.1.gemspec
I, [2014-11-10T11:49:19.603258 #35259]  INFO -- : 0:  rack (1.5.2) from /Users/mwang/.rvm/gems/ruby-2.0.0-p353/specifications/rack-1.5.2.gemspec
I, [2014-11-10T11:49:19.603468 #35259]  INFO -- : 0:  rack-protection (1.5.3) from /Users/mwang/.rvm/gems/ruby-2.0.0-p353/specifications/rack-protection-1.5.3.gemspec
I, [2014-11-10T11:49:19.603682 #35259]  INFO -- : 0:  redis (3.1.0) from /Users/mwang/.rvm/gems/ruby-2.0.0-p353/specifications/redis-3.1.0.gemspec
I, [2014-11-10T11:49:19.603895 #35259]  INFO -- : 0:  redis-namespace (1.5.1) from /Users/mwang/.rvm/gems/ruby-2.0.0-p353/specifications/redis-namespace-1.5.1.gemspec
I, [2014-11-10T11:49:19.604209 #35259]  INFO -- : 0:  sidekiq (3.2.6) from /Users/mwang/.rvm/gems/ruby-2.0.0-p353/specifications/sidekiq-3.2.6.gemspec
I, [2014-11-10T11:49:19.604470 #35259]  INFO -- : 0:  tilt (1.4.1) from /Users/mwang/.rvm/gems/ruby-2.0.0-p353/specifications/tilt-1.4.1.gemspec
I, [2014-11-10T11:49:19.604663 #35259]  INFO -- : 0:  sinatra (1.4.5) from /Users/mwang/.rvm/gems/ruby-2.0.0-p353/specifications/sinatra-1.4.5.gemspec
I, [2014-11-10T11:49:21.115378 #35259]  INFO -- : 0:  whenever (0.9.4) from /Users/mwang/.rvm/gems/ruby-2.0.0-p353/specifications/whenever-0.9.4.gemspec
I, [2014-11-10T11:49:21.115631 #35259]  INFO -- : 0:  bundler (1.5.1) from /Users/mwang/.rvm/gems/ruby-2.0.0-p353@global/specifications/bundler-1.5.1.gemspec
